-------------------------------------------------------------------------------
Test set: com.example.cine.ProtectoFinalAngularSpringApplicationTests
-------------------------------------------------------------------------------
Tests run: 1, Failures: 0, Errors: 1, Skipped: 0, Time elapsed: 7.543 s <<< FAILURE! - in com.example.cine.ProtectoFinalAngularSpringApplicationTests
contextLoads  Time elapsed: 0.002 s  <<< ERROR!
java.lang.IllegalStateException: Failed to load ApplicationContext
Caused by: org.springframework.beans.factory.UnsatisfiedDependencyException: Error creating bean with name 'cineController': Unsatisfied dependency expressed through field 'actorRepository'; nested exception is org.springframework.beans.factory.BeanCreationException: Error creating bean with name 'actoresRepository' defined in com.example.cine.repository.ActoresRepository defined in @EnableJpaRepositories declared on JpaRepositoriesRegistrar.EnableJpaRepositoriesConfiguration: Invocation of init method failed; nested exception is org.springframework.data.repository.query.QueryCreationException: Could not create query for public abstract java.util.List com.example.cine.repository.ActoresRepository.findByName(java.lang.String); Reason: Failed to create query for method public abstract java.util.List com.example.cine.repository.ActoresRepository.findByName(java.lang.String)! No property 'name' found for type 'Actores'; nested exception is java.lang.IllegalArgumentException: Failed to create query for method public abstract java.util.List com.example.cine.repository.ActoresRepository.findByName(java.lang.String)! No property 'name' found for type 'Actores'
Caused by: org.springframework.beans.factory.BeanCreationException: Error creating bean with name 'actoresRepository' defined in com.example.cine.repository.ActoresRepository defined in @EnableJpaRepositories declared on JpaRepositoriesRegistrar.EnableJpaRepositoriesConfiguration: Invocation of init method failed; nested exception is org.springframework.data.repository.query.QueryCreationException: Could not create query for public abstract java.util.List com.example.cine.repository.ActoresRepository.findByName(java.lang.String); Reason: Failed to create query for method public abstract java.util.List com.example.cine.repository.ActoresRepository.findByName(java.lang.String)! No property 'name' found for type 'Actores'; nested exception is java.lang.IllegalArgumentException: Failed to create query for method public abstract java.util.List com.example.cine.repository.ActoresRepository.findByName(java.lang.String)! No property 'name' found for type 'Actores'
Caused by: org.springframework.data.repository.query.QueryCreationException: Could not create query for public abstract java.util.List com.example.cine.repository.ActoresRepository.findByName(java.lang.String); Reason: Failed to create query for method public abstract java.util.List com.example.cine.repository.ActoresRepository.findByName(java.lang.String)! No property 'name' found for type 'Actores'; nested exception is java.lang.IllegalArgumentException: Failed to create query for method public abstract java.util.List com.example.cine.repository.ActoresRepository.findByName(java.lang.String)! No property 'name' found for type 'Actores'
Caused by: java.lang.IllegalArgumentException: Failed to create query for method public abstract java.util.List com.example.cine.repository.ActoresRepository.findByName(java.lang.String)! No property 'name' found for type 'Actores'
Caused by: org.springframework.data.mapping.PropertyReferenceException: No property 'name' found for type 'Actores'

